-Xajruntimetarget:1.5
-Xlint:ignore
-11
-encoding
UTF-8
-showWeaveInfo
-source
11
-target
11
-classpath
D:\Users\DeepakHegde\.m2\repository\org\owasp\esapi\esapi\2.1.0.1\esapi-2.1.0.1.jar;D:\Users\DeepakHegde\.m2\repository\commons-configuration\commons-configuration\1.2\commons-configuration-1.2.jar;D:\Users\DeepakHegde\.m2\repository\commons-lang\commons-lang\2.1\commons-lang-2.1.jar;D:\Users\DeepakHegde\.m2\repository\commons-logging\commons-logging-api\1.0.4\commons-logging-api-1.0.4.jar;D:\Users\DeepakHegde\.m2\repository\commons-digester\commons-digester\1.6\commons-digester-1.6.jar;D:\Users\DeepakHegde\.m2\repository\commons-beanutils\commons-beanutils\1.6\commons-beanutils-1.6.jar;D:\Users\DeepakHegde\.m2\repository\commons-logging\commons-logging\1.0\commons-logging-1.0.jar;D:\Users\DeepakHegde\.m2\repository\xalan\xalan\2.7.2\xalan-2.7.2.jar;D:\Users\DeepakHegde\.m2\repository\xalan\serializer\2.7.2\serializer-2.7.2.jar;D:\Users\DeepakHegde\.m2\repository\javax\servlet\servlet-api\2.3\servlet-api-2.3.jar;D:\Users\DeepakHegde\.m2\repository\commons-collections\commons-collections\3.2.2\commons-collections-3.2.2.jar;D:\Users\DeepakHegde\.m2\repository\org\beanshell\bsh-core\2.0b4\bsh-core-2.0b4.jar;D:\Users\DeepakHegde\.m2\repository\org\aspectj\aspectjrt\1.9.9\aspectjrt-1.9.9.jar;D:\Users\DeepakHegde\.m2\repository\com\openlane\logging\logging-context-spring\1.0.0\logging-context-spring-1.0.0.jar;D:\Users\DeepakHegde\.m2\repository\com\openlane\logging\structured-logging-context\1.0.0\structured-logging-context-1.0.0.jar;D:\Users\DeepakHegde\.m2\repository\org\aspectj\aspectjweaver\1.9.9\aspectjweaver-1.9.9.jar;D:\Users\DeepakHegde\.m2\repository\org\slf4j\slf4j-api\2.0.6\slf4j-api-2.0.6.jar;D:\Users\DeepakHegde\.m2\repository\com\openlane\observability\otl-logging-context\1.2.0\otl-logging-context-1.2.0.jar;D:\Users\DeepakHegde\.m2\repository\io\opentelemetry\opentelemetry-api\1.21.0\opentelemetry-api-1.21.0.jar;D:\Users\DeepakHegde\.m2\repository\io\opentelemetry\opentelemetry-context\1.21.0\opentelemetry-context-1.21.0.jar;D:\Users\DeepakHegde\.m2\repository\com\openlane\observability\otl-logging-event-log4j\1.2.0\otl-logging-event-log4j-1.2.0.jar;D:\Users\DeepakHegde\.m2\repository\com\openlane\logging\structured-logging-context-log4j\1.0.0\structured-logging-context-log4j-1.0.0.jar;D:\Users\DeepakHegde\.m2\repository\org\apache\logging\log4j\log4j-api\2.21.0\log4j-api-2.21.0.jar;D:\Users\DeepakHegde\.m2\repository\org\apache\logging\log4j\log4j-core\2.21.0\log4j-core-2.21.0.jar;D:\Users\DeepakHegde\.m2\repository\org\apache\logging\log4j\log4j-slf4j2-impl\2.21.0\log4j-slf4j2-impl-2.21.0.jar;D:\Users\DeepakHegde\.m2\repository\org\apache\logging\log4j\log4j-layout-template-json\2.19.0\log4j-layout-template-json-2.19.0.jar;D:\Users\DeepakHegde\.m2\repository\org\apache\commons\commons-lang3\3.12.0\commons-lang3-3.12.0.jar;D:\Amiti OpenLane\ol-standard-ps\esapi-ext\target\classes
-d
D:\Amiti OpenLane\ol-standard-ps\esapi-ext\target\classes
-s
D:\Amiti OpenLane\ol-standard-ps\esapi-ext\target\generated-sources\aspectj-maven-plugin
D:\Amiti OpenLane\ol-standard-ps\esapi-ext\src\main\java\com\openlane\util\esapi\codecs\Codec.java
D:\Amiti OpenLane\ol-standard-ps\esapi-ext\src\main\java\com\openlane\util\esapi\codecs\HashTrie.java
D:\Amiti OpenLane\ol-standard-ps\esapi-ext\src\main\java\com\openlane\util\esapi\codecs\HTMLEntityCodec2.java
D:\Amiti OpenLane\ol-standard-ps\esapi-ext\src\main\java\com\openlane\util\esapi\codecs\PushbackString.java
D:\Amiti OpenLane\ol-standard-ps\esapi-ext\src\main\java\com\openlane\util\esapi\codecs\Trie.java
D:\Amiti OpenLane\ol-standard-ps\esapi-ext\src\main\java\com\openlane\util\esapi\ESAPI2.java
D:\Amiti OpenLane\ol-standard-ps\esapi-ext\src\main\java\com\openlane\util\esapi\HTTPUtilities2.java
D:\Amiti OpenLane\ol-standard-ps\esapi-ext\src\main\java\com\openlane\util\esapi\reference\DefaultEncoder2.java
D:\Amiti OpenLane\ol-standard-ps\esapi-ext\src\main\java\com\openlane\util\esapi\reference\DefaultHTTPUtilities2.java
D:\Amiti OpenLane\ol-standard-ps\esapi-ext\src\main\java\com\openlane\util\esapi\reference\DefaultValidator2.java
